make -k all 
libgen -hw ../t01_init/system.xml\
	       -lp C:/Users/Dexter/Git/add_mcu/EDK/IVK_Repos/IVK_IPLib\
	       -pe microblaze_0 \
	       -log libgen.log \
	       system.mss
libgen
Xilinx EDK 13.3 Build EDK_O.76xd
Copyright (c) 1995-2011 Xilinx, Inc.  All rights reserved.

Command Line: libgen -hw ../t01_init/system.xml -lp
C:/Users/Dexter/Git/add_mcu/EDK/IVK_Repos/IVK_IPLib -pe microblaze_0 -log
libgen.log system.mss 

WARNING:EDK - INFO:Security:51 - The XILINXD_LICENSE_FILE environment variable
   is not set.
   INFO:Security:52 - The LM_LICENSE_FILE environment variable is set to
   '2100@xilinx.lic.hslu.ch'.
   INFO:Security:71 - If a license for part 'xc6slx150t' is available, it will
   be possible to use 'SDK_TDP' instead of 'SDK'.
   WARNING:Security:43 - No license file was found in the standard Xilinx
   license directory.
   WARNING:Security:44 - Since no license file was found,
          please run the Xilinx License Configuration Manager
          (xlcm or "Manage Xilinx Licenses")
          to assist in obtaining a license.
   WARNING:Security:42 - Your software subscription period has lapsed. Your
   current version of Xilinx tools will continue to function, but you no longer
   qualify for Xilinx software updates or new releases.



Staging source files.
Running DRCs.
Running generate.
Generating Macros for sg_2d_fir_plbw driver access ... 

Generating Macros for sg_cfa_gamma_plbw driver access ... 

Generating Macros for sg_i2c_controller_s6_plbw driver access ... 

Handling DEVICE_ID

Handling C_BASEADDR

Handling C_NUM_FSTORES

Handling DEVICE_ID

Handling C_BASEADDR

Handling C_NUM_FSTORES

Running post_generate.
Running include - 'make -s include "COMPILER=mb-gcc" "ARCHIVER=mb-ar"
"COMPILER_FLAGS=-mno-xl-soft-mul -mxl-barrel-shift -mxl-pattern-compare
-mcpu=v7.30.b  -O2 -c" "EXTRA_COMPILER_FLAGS=-g"'.
make: Interrupt/Exception caught (code = 0xc00000fd, addr = 0x4227d3)
make: Interrupt/Exception caught (code = 0xc00000fd, addr = 0x4227d3)
make: Interrupt/Exception caught (code = 0xc00000fd, addr = 0x4227d3)
make: Interrupt/Exception caught (code = 0xc00000fd, addr = 0x4227d3)
make: Interrupt/Exception caught (code = 0xc00000fd, addr = 0x4227d3)
make: Interrupt/Exception caught (code = 0xc00000fd, addr = 0x4227d3)
make: Interrupt/Exception caught (code = 0xc00000fd, addr = 0x4227d3)
make: Interrupt/Exception caught (code = 0xc00000fd, addr = 0x4227d3)
make: Interrupt/Exception caught (code = 0xc00000fd, addr = 0x4227d3)
make: Interrupt/Exception caught (code = 0xc00000fd, addr = 0x4227d3)
make: Interrupt/Exception caught (code = 0xc00000fd, addr = 0x4227d3)
make: Interrupt/Exception caught (code = 0xc00000fd, addr = 0x4227d3)
make: Interrupt/Exception caught (code = 0xc00000fd, addr = 0x4227d3)
make: Interrupt/Exception caught (code = 0xc00000fd, addr = 0x4227d3)
ERROR:EDK:368 -  make failed for target "include" 
ERROR:EDK:3418 - Error(s) while running make.
make: *** [microblaze_0/lib/libxil.a] Fehler 2
make: Das Target »all« wurde wegen Fehlern nicht aktualisiert.
